Determining if the pthread_create exist failed with the following output:
Change Dir: /home/beihai/ros_in_qt/build/CMakeFiles/CMakeTmp

Run Build Command:"/usr/bin/make" "cmTC_d84e7/fast"
/usr/bin/make -f CMakeFiles/cmTC_d84e7.dir/build.make CMakeFiles/cmTC_d84e7.dir/build
make[1]: Entering directory '/home/beihai/ros_in_qt/build/CMakeFiles/CMakeTmp'
Building C object CMakeFiles/cmTC_d84e7.dir/CheckSymbolExists.c.o
/usr/bin/cc    -o CMakeFiles/cmTC_d84e7.dir/CheckSymbolExists.c.o   -c /home/beihai/ros_in_qt/build/CMakeFiles/CMakeTmp/CheckSymbolExists.c
Linking C executable cmTC_d84e7
/usr/local/bin/cmake -E cmake_link_script CMakeFiles/cmTC_d84e7.dir/link.txt --verbose=1
/usr/bin/cc      -rdynamic CMakeFiles/cmTC_d84e7.dir/CheckSymbolExists.c.o  -o cmTC_d84e7 
CMakeFiles/cmTC_d84e7.dir/CheckSymbolExists.c.o：在函数‘main’中：
CheckSymbolExists.c:(.text+0x16)：对‘pthread_create’未定义的引用
collect2: error: ld returned 1 exit status
CMakeFiles/cmTC_d84e7.dir/build.make:86: recipe for target 'cmTC_d84e7' failed
make[1]: *** [cmTC_d84e7] Error 1
make[1]: Leaving directory '/home/beihai/ros_in_qt/build/CMakeFiles/CMakeTmp'
Makefile:126: recipe for target 'cmTC_d84e7/fast' failed
make: *** [cmTC_d84e7/fast] Error 2

File /home/beihai/ros_in_qt/build/CMakeFiles/CMakeTmp/CheckSymbolExists.c:
/* */
#include <pthread.h>

int main(int argc, char** argv)
{
  (void)argv;
#ifndef pthread_create
  return ((int*)(&pthread_create))[argc];
#else
  (void)argc;
  return 0;
#endif
}

Determining if the function pthread_create exists in the pthreads failed with the following output:
Change Dir: /home/beihai/ros_in_qt/build/CMakeFiles/CMakeTmp

Run Build Command:"/usr/bin/make" "cmTC_6f732/fast"
/usr/bin/make -f CMakeFiles/cmTC_6f732.dir/build.make CMakeFiles/cmTC_6f732.dir/build
make[1]: Entering directory '/home/beihai/ros_in_qt/build/CMakeFiles/CMakeTmp'
Building C object CMakeFiles/cmTC_6f732.dir/CheckFunctionExists.c.o
/usr/bin/cc   -DCHECK_FUNCTION_EXISTS=pthread_create   -o CMakeFiles/cmTC_6f732.dir/CheckFunctionExists.c.o   -c /usr/local/share/cmake-3.11/Modules/CheckFunctionExists.c
Linking C executable cmTC_6f732
/usr/local/bin/cmake -E cmake_link_script CMakeFiles/cmTC_6f732.dir/link.txt --verbose=1
/usr/bin/cc  -DCHECK_FUNCTION_EXISTS=pthread_create    -rdynamic CMakeFiles/cmTC_6f732.dir/CheckFunctionExists.c.o  -o cmTC_6f732 -lpthreads 
/usr/bin/ld: 找不到 -lpthreads
collect2: error: ld returned 1 exit status
CMakeFiles/cmTC_6f732.dir/build.make:86: recipe for target 'cmTC_6f732' failed
make[1]: *** [cmTC_6f732] Error 1
make[1]: Leaving directory '/home/beihai/ros_in_qt/build/CMakeFiles/CMakeTmp'
Makefile:126: recipe for target 'cmTC_6f732/fast' failed
make: *** [cmTC_6f732/fast] Error 2


